# JRE version: 7.0_15-b20
# Java VM: OpenJDK Server VM (23.7-b01 mixed mode linux-x86 )
Heap
 PSYoungGen      total 16896K, used 3896K [0xa8570000, 0xa9730000, 0xb3010000)
  eden space 15616K, 16% used [0xa8570000,0xa8802258,0xa94b0000)
  from space 1280K, 98% used [0xa95f0000,0xa972c080,0xa9730000)
  to   space 1280K, 0% used [0xa94b0000,0xa94b0000,0xa95f0000)
 ParOldGen       total 20864K, used 4435K [0x93010000, 0x94470000, 0xa8570000)
  object space 20864K, 21% used [0x93010000,0x93464d80,0x94470000)
 PSPermGen       total 16384K, used 10311K [0x8b010000, 0x8c010000, 0x93010000)
  object space 16384K, 62% used [0x8b010000,0x8ba21e48,0x8c010000)
GC Heap History (8 events):
Event: 5,138 GC heap before
{Heap before GC invocations=1 (full 0):
 PSYoungGen      total 9088K, used 7808K [0xa8570000, 0xa8f90000, 0xb3010000)
  eden space 7808K, 100% used [0xa8570000,0xa8d10000,0xa8d10000)
  from space 1280K, 0% used [0xa8e50000,0xa8e50000,0xa8f90000)
  to   space 1280K, 0% used [0xa8d10000,0xa8d10000,0xa8e50000)
 ParOldGen       total 20864K, used 0K [0x93010000, 0x94470000, 0xa8570000)
  object space 20864K, 0% used [0x93010000,0x93010000,0x94470000)
 PSPermGen       total 16384K, used 4443K [0x8b010000, 0x8c010000, 0x93010000)
  object space 16384K, 27% used [0x8b010000,0x8b466c58,0x8c010000)
Event: 5,145 GC heap after
Heap after GC invocations=1 (full 0):
 PSYoungGen      total 9088K, used 1273K [0xa8570000, 0xa8f90000, 0xb3010000)
  eden space 7808K, 0% used [0xa8570000,0xa8570000,0xa8d10000)
  from space 1280K, 99% used [0xa8d10000,0xa8e4e518,0xa8e50000)
  to   space 1280K, 0% used [0xa8e50000,0xa8e50000,0xa8f90000)
 ParOldGen       total 20864K, used 543K [0x93010000, 0x94470000, 0xa8570000)
  object space 20864K, 2% used [0x93010000,0x93097e00,0x94470000)
 PSPermGen       total 16384K, used 4443K [0x8b010000, 0x8c010000, 0x93010000)
  object space 16384K, 27% used [0x8b010000,0x8b466c58,0x8c010000)
}
Event: 5,418 GC heap before
{Heap before GC invocations=2 (full 0):
 PSYoungGen      total 9088K, used 9081K [0xa8570000, 0xa8f90000, 0xb3010000)
  eden space 7808K, 100% used [0xa8570000,0xa8d10000,0xa8d10000)
  from space 1280K, 99% used [0xa8d10000,0xa8e4e518,0xa8e50000)
  to   space 1280K, 0% used [0xa8e50000,0xa8e50000,0xa8f90000)
 ParOldGen       total 20864K, used 543K [0x93010000, 0x94470000, 0xa8570000)
  object space 20864K, 2% used [0x93010000,0x93097e00,0x94470000)
 PSPermGen       total 16384K, used 5812K [0x8b010000, 0x8c010000, 0x93010000)
  object space 16384K, 35% used [0x8b010000,0x8b5bd018,0x8c010000)
Event: 5,426 GC heap after
Heap after GC invocations=2 (full 0):
 PSYoungGen      total 9088K, used 1266K [0xa8570000, 0xa9730000, 0xb3010000)
  eden space 7808K, 0% used [0xa8570000,0xa8570000,0xa8d10000)
  from space 1280K, 98% used [0xa8e50000,0xa8f8cbe0,0xa8f90000)
  to   space 1280K, 0% used [0xa8d10000,0xa8d10000,0xa8e50000)
 ParOldGen       total 20864K, used 1379K [0x93010000, 0x94470000, 0xa8570000)
  object space 20864K, 6% used [0x93010000,0x93168ca0,0x94470000)
 PSPermGen       total 16384K, used 5812K [0x8b010000, 0x8c010000, 0x93010000)
  object space 16384K, 35% used [0x8b010000,0x8b5bd018,0x8c010000)
}
Event: 6,259 GC heap before
{Heap before GC invocations=3 (full 0):
 PSYoungGen      total 9088K, used 9074K [0xa8570000, 0xa9730000, 0xb3010000)
  eden space 7808K, 100% used [0xa8570000,0xa8d10000,0xa8d10000)
  from space 1280K, 98% used [0xa8e50000,0xa8f8cbe0,0xa8f90000)
  to   space 1280K, 0% used [0xa8d10000,0xa8d10000,0xa8e50000)
 ParOldGen       total 20864K, used 1379K [0x93010000, 0x94470000, 0xa8570000)
  object space 20864K, 6% used [0x93010000,0x93168ca0,0x94470000)
 PSPermGen       total 16384K, used 8118K [0x8b010000, 0x8c010000, 0x93010000)
  object space 16384K, 49% used [0x8b010000,0x8b7fdbf0,0x8c010000)
Event: 6,270 GC heap after
Heap after GC invocations=3 (full 0):
 PSYoungGen      total 9088K, used 1272K [0xa8570000, 0xa9730000, 0xb3010000)
  eden space 7808K, 0% used [0xa8570000,0xa8570000,0xa8d10000)
  from space 1280K, 99% used [0xa8d10000,0xa8e4e0b0,0xa8e50000)
  to   space 1280K, 0% used [0xa95f0000,0xa95f0000,0xa9730000)
 ParOldGen       total 20864K, used 2697K [0x93010000, 0x94470000, 0xa8570000)
  object space 20864K, 12% used [0x93010000,0x932b2638,0x94470000)
 PSPermGen       total 16384K, used 8118K [0x8b010000, 0x8c010000, 0x93010000)
  object space 16384K, 49% used [0x8b010000,0x8b7fdbf0,0x8c010000)
}
Event: 6,846 GC heap before
{Heap before GC invocations=4 (full 0):
 PSYoungGen      total 9088K, used 9080K [0xa8570000, 0xa9730000, 0xb3010000)
  eden space 7808K, 100% used [0xa8570000,0xa8d10000,0xa8d10000)
  from space 1280K, 99% used [0xa8d10000,0xa8e4e0b0,0xa8e50000)
  to   space 1280K, 0% used [0xa95f0000,0xa95f0000,0xa9730000)
 ParOldGen       total 20864K, used 2697K [0x93010000, 0x94470000, 0xa8570000)
  object space 20864K, 12% used [0x93010000,0x932b2638,0x94470000)
 PSPermGen       total 16384K, used 9856K [0x8b010000, 0x8c010000, 0x93010000)
  object space 16384K, 60% used [0x8b010000,0x8b9b0080,0x8c010000)
Event: 6,856 GC heap after
Heap after GC invocations=4 (full 0):
 PSYoungGen      total 16896K, used 1264K [0xa8570000, 0xa9730000, 0xb3010000)
  eden space 15616K, 0% used [0xa8570000,0xa8570000,0xa94b0000)
  from space 1280K, 98% used [0xa95f0000,0xa972c080,0xa9730000)
  to   space 1280K, 0% used [0xa94b0000,0xa94b0000,0xa95f0000)
 ParOldGen       total 20864K, used 4435K [0x93010000, 0x94470000, 0xa8570000)
  object space 20864K, 21% used [0x93010000,0x93464d80,0x94470000)
 PSPermGen       total 16384K, used 9856K [0x8b010000, 0x8c010000, 0x93010000)
  object space 16384K, 60% used [0x8b010000,0x8b9b0080,0x8c010000)
}

